2024-06-21 18:44:19,901 [INFO] Activator:176 - 


2024-06-21 18:44:19,909 [INFO] Activator:177 - !SESSION log4j initialized
2024-06-21 18:44:26,790 [INFO] LogOutputStream:77 - [STDOUT_REDIRECT] 
2024-06-21 18:44:27,943 [INFO] ApplicationProperties:184 - Using Application install path: C:\ST\STM32CubeIDE_1.15.1\STM32CubeIDE\plugins\com.st.stm32cube.common.mx_6.11.1.202404110753
2024-06-21 18:44:27,965 [INFO] DbMcusXml:78 - Set database path to: C:\ST\STM32CubeIDE_1.15.1\STM32CubeIDE\plugins\com.st.stm32cube.common.mx_6.11.1.202404110753\\db\/mcu/
2024-06-21 18:44:27,966 [INFO] ApiDb:274 - Set plugin database path to: C:\ST\STM32CubeIDE_1.15.1\STM32CubeIDE\plugins\com.st.stm32cube.common.mx_6.11.1.202404110753\\db\/plugins/boardmanager/
2024-06-21 18:44:27,968 [WARN] ApiDb:259 - Overriding images path with different value:  => C:\ST\STM32CubeIDE_1.15.1\STM32CubeIDE\plugins\com.st.stm32cube.common.mx_6.11.1.202404110753\\db\/plugins/mcufinder/images/
2024-06-21 18:44:27,980 [INFO] ApiDb:250 - Set database path to: C:\Users\Chait\.stmcufinder\plugins\mcufinder//mcu/
2024-06-21 18:44:27,981 [INFO] DbMcusAds:125 - Set database path to: C:\Users\Chait\.stmcufinder\plugins\mcufinder//mcu/
2024-06-21 18:44:27,984 [INFO] CrossReferenceDbSqlite:203 - Set database path to: C:\Users\Chait\.stmcufinder\plugins\mcufinder//mcu/cs/
2024-06-21 18:44:28,143 [INFO] RulesReader:64 - Compatibility file has been processed (297 Rules)
2024-06-21 18:44:28,258 [INFO] DbMcusXml:78 - Set database path to: C:\ST\STM32CubeIDE_1.15.1\STM32CubeIDE\plugins\com.st.stm32cube.common.mx_6.11.1.202404110753\\db\/mcu/
2024-06-21 18:44:28,259 [INFO] ApiDb:274 - Set plugin database path to: C:\ST\STM32CubeIDE_1.15.1\STM32CubeIDE\plugins\com.st.stm32cube.common.mx_6.11.1.202404110753\\db\/plugins/boardmanager/
2024-06-21 18:44:28,259 [INFO] ApiDb:261 - Set plugin images path to: C:\ST\STM32CubeIDE_1.15.1\STM32CubeIDE\plugins\com.st.stm32cube.common.mx_6.11.1.202404110753\\db\/plugins/mcufinder/images/
2024-06-21 18:44:28,259 [WARN] DbFile:41 - Overriding database path with different value: C:\Users\Chait\.stmcufinder\plugins\mcufinder/ => C:\Users\Chait\.stmcufinder\plugins\mcufinder
2024-06-21 18:44:28,259 [INFO] ApiDb:250 - Set database path to: C:\Users\Chait\.stmcufinder\plugins\mcufinder//mcu/
2024-06-21 18:44:28,259 [WARN] DbFile:41 - Overriding database path with different value: C:\Users\Chait\.stmcufinder\plugins\mcufinder/ => C:\Users\Chait\.stmcufinder\plugins\mcufinder
2024-06-21 18:44:28,259 [INFO] DbMcusAds:125 - Set database path to: C:\Users\Chait\.stmcufinder\plugins\mcufinder//mcu/
2024-06-21 18:44:28,259 [WARN] DbFile:41 - Overriding database path with different value: C:\Users\Chait\.stmcufinder\plugins\mcufinder/ => C:\Users\Chait\.stmcufinder\plugins\mcufinder
2024-06-21 18:44:28,259 [WARN] DbFile:41 - Overriding database path with different value: C:\Users\Chait\.stmcufinder\plugins\mcufinder/ => C:\Users\Chait\.stmcufinder\plugins\mcufinder
2024-06-21 18:44:28,260 [INFO] CrossReferenceDbSqlite:203 - Set database path to: C:\Users\Chait\.stmcufinder\plugins\mcufinder//mcu/cs/
2024-06-21 18:44:28,379 [INFO] MainPanel:264 - HeapMemory: 268435456
2024-06-21 18:44:28,511 [INFO] DbMcusXml:78 - Set database path to: C:\ST\STM32CubeIDE_1.15.1\STM32CubeIDE\plugins\com.st.stm32cube.common.mx_6.11.1.202404110753\\db\/mcu/
2024-06-21 18:44:28,511 [INFO] ApiDb:274 - Set plugin database path to: C:\ST\STM32CubeIDE_1.15.1\STM32CubeIDE\plugins\com.st.stm32cube.common.mx_6.11.1.202404110753\\db\/plugins/boardmanager/
2024-06-21 18:44:28,511 [INFO] ApiDb:261 - Set plugin images path to: C:\ST\STM32CubeIDE_1.15.1\STM32CubeIDE\plugins\com.st.stm32cube.common.mx_6.11.1.202404110753\\db\/plugins/mcufinder/images/
2024-06-21 18:44:28,512 [WARN] DbFile:41 - Overriding database path with different value: C:\Users\Chait\.stmcufinder\plugins\mcufinder/ => C:\Users\Chait\.stmcufinder\plugins\mcufinder
2024-06-21 18:44:28,512 [INFO] ApiDb:250 - Set database path to: C:\Users\Chait\.stmcufinder\plugins\mcufinder//mcu/
2024-06-21 18:44:28,512 [WARN] DbFile:41 - Overriding database path with different value: C:\Users\Chait\.stmcufinder\plugins\mcufinder/ => C:\Users\Chait\.stmcufinder\plugins\mcufinder
2024-06-21 18:44:28,512 [INFO] DbMcusAds:125 - Set database path to: C:\Users\Chait\.stmcufinder\plugins\mcufinder//mcu/
2024-06-21 18:44:28,512 [WARN] DbFile:41 - Overriding database path with different value: C:\Users\Chait\.stmcufinder\plugins\mcufinder/ => C:\Users\Chait\.stmcufinder\plugins\mcufinder
2024-06-21 18:44:28,512 [WARN] DbFile:41 - Overriding database path with different value: C:\Users\Chait\.stmcufinder\plugins\mcufinder/ => C:\Users\Chait\.stmcufinder\plugins\mcufinder
2024-06-21 18:44:28,512 [INFO] CrossReferenceDbSqlite:203 - Set database path to: C:\Users\Chait\.stmcufinder\plugins\mcufinder//mcu/cs/
2024-06-21 18:44:28,534 [INFO] ApplicationProperties:184 - Using Application install path: C:\ST\STM32CubeIDE_1.15.1\STM32CubeIDE\plugins\com.st.stm32cube.common.mx_6.11.1.202404110753
2024-06-21 18:44:28,536 [INFO] PluginManage:196 - Search for loadable plugins [exclusion list=, ]
2024-06-21 18:44:28,539 [INFO] PluginManage:310 - Check plugin analytics
2024-06-21 18:44:28,793 [INFO] AnalyticsPlugin:253 - Accepted Software Licenses: STM32CubeMX.6.11.1
2024-06-21 18:44:28,793 [INFO] AnalyticsPlugin:255 - Accepted CMSIS Pack Licenses: 
2024-06-21 18:44:28,794 [INFO] AnalyticsPlugin:257 - Accepted Firmware Licenses: FW.F4.1.28.0
2024-06-21 18:44:28,798 [INFO] PluginManage:359 - Loaded plugin analytics (category:tool,tabindex:-1)
2024-06-21 18:44:28,798 [INFO] PluginManage:310 - Check plugin cadmodel
2024-06-21 18:44:28,811 [INFO] CADModel:105 - Init CAD model plugin
2024-06-21 18:44:28,812 [INFO] PluginManage:359 - Loaded plugin cadmodel (category:power,tabindex:5)
2024-06-21 18:44:28,812 [INFO] PluginManage:310 - Check plugin clock
2024-06-21 18:44:28,835 [INFO] PluginManage:359 - Loaded plugin clock (category:base,tabindex:2)
2024-06-21 18:44:28,836 [INFO] PluginManage:310 - Check plugin ddr
2024-06-21 18:44:28,841 [INFO] PluginManage:359 - Loaded plugin ddr (category:tool,tabindex:6)
2024-06-21 18:44:28,841 [INFO] PluginManage:310 - Check plugin filemanager
2024-06-21 18:44:29,013 [INFO] PluginManage:359 - Loaded plugin filemanager (category:base,tabindex:10)
2024-06-21 18:44:29,014 [INFO] PluginManage:310 - Check plugin ipmanager
2024-06-21 18:44:29,020 [INFO] PluginManage:359 - Loaded plugin ipmanager (category:base,tabindex:5)
2024-06-21 18:44:29,021 [INFO] PluginManage:310 - Check plugin lpbam
2024-06-21 18:44:29,028 [INFO] PluginManage:359 - Loaded plugin lpbam (category:base,tabindex:0)
2024-06-21 18:44:29,030 [INFO] PluginManage:310 - Check plugin memorymap
2024-06-21 18:44:29,045 [INFO] PluginManage:359 - Loaded plugin memorymap (category:base,tabindex:4)
2024-06-21 18:44:29,045 [INFO] PluginManage:310 - Check plugin pinoutandconfiguration
2024-06-21 18:44:29,053 [INFO] PluginManage:359 - Loaded plugin pinoutandconfiguration (category:base,tabindex:1)
2024-06-21 18:44:29,053 [INFO] PluginManage:310 - Check plugin pinoutconfig
2024-06-21 18:44:29,127 [WARN] SupportedApi:132 - Cannot load RTOS API schema: s4s-elt-must-match.1: The content of 'definitions' must match (annotation?, (simpleType | complexType)?, (unique | key | keyref)*)). A problem was found starting at: attribute.
2024-06-21 18:44:29,328 [INFO] PluginManage:359 - Loaded plugin pinoutconfig (category:base,tabindex:0)
2024-06-21 18:44:29,328 [INFO] PluginManage:310 - Check plugin power
2024-06-21 18:44:29,343 [INFO] PluginManage:359 - Loaded plugin power (category:power,tabindex:4)
2024-06-21 18:44:29,343 [INFO] PluginManage:310 - Check plugin projectmanager
2024-06-21 18:44:29,368 [INFO] PluginManage:359 - Loaded plugin projectmanager (category:projectmanager,tabindex:3)
2024-06-21 18:44:29,368 [INFO] PluginManage:310 - Check plugin thirdparty
2024-06-21 18:44:29,645 [WARN] IntegrityCheckThread:84 - waiting for thirdparty lock release [integrity check]
2024-06-21 18:44:29,646 [INFO] IntegrityCheckThread:86 - entering critical section [integrity check]
2024-06-21 18:44:29,647 [INFO] ThirdPartyUpdaterWithRetryManager:70 - Updater plugin not ready yet. [1/15]
2024-06-21 18:44:29,648 [INFO] PluginManage:359 - Loaded plugin thirdparty (category:base,tabindex:-1)
2024-06-21 18:44:29,648 [INFO] PluginManage:310 - Check plugin tools
2024-06-21 18:44:29,654 [INFO] PluginManage:359 - Loaded plugin tools (category:base,tabindex:7)
2024-06-21 18:44:29,655 [INFO] PluginManage:310 - Check plugin tutovideos
2024-06-21 18:44:29,817 [INFO] PluginManage:359 - Loaded plugin tutovideos (category:base,tabindex:-1)
2024-06-21 18:44:29,818 [INFO] PluginManage:310 - Check plugin updater
2024-06-21 18:44:29,830 [INFO] PluginManage:359 - Loaded plugin updater (category:base,tabindex:12)
2024-06-21 18:44:29,830 [INFO] PluginManage:310 - Check plugin userauth
2024-06-21 18:44:29,838 [INFO] UserAuth:114 - Init User Auth plugin
2024-06-21 18:44:29,838 [INFO] PluginManage:359 - Loaded plugin userauth (category:base,tabindex:14)
2024-06-21 18:44:29,839 [INFO] PluginManage:283 - PluginManage : Loaded plugins [17]
2024-06-21 18:44:30,074 [INFO] PinOutPanel:1561 - setPackage(No Configuration,No Configuration)
2024-06-21 18:44:30,147 [INFO] CADModel:165 - CPN selected for project level
2024-06-21 18:44:30,147 [INFO] CADModel:114 - Register for checkConnection events
2024-06-21 18:44:30,163 [INFO] IPUIPlugin:80 - create IPUIPlugin
2024-06-21 18:44:30,163 [INFO] PluginManager:220 - loadIPPluginJar : add adc
2024-06-21 18:44:30,166 [INFO] IPUIPlugin:80 - create IPUIPlugin
2024-06-21 18:44:30,166 [INFO] PluginManager:220 - loadIPPluginJar : add aes
2024-06-21 18:44:30,169 [INFO] IPUIPlugin:80 - create IPUIPlugin
2024-06-21 18:44:30,169 [INFO] PluginManager:220 - loadIPPluginJar : add can
2024-06-21 18:44:30,171 [INFO] IPUIPlugin:80 - create IPUIPlugin
2024-06-21 18:44:30,171 [INFO] PluginManager:220 - loadIPPluginJar : add comp
2024-06-21 18:44:30,174 [INFO] IPUIPlugin:80 - create IPUIPlugin
2024-06-21 18:44:30,174 [INFO] PluginManager:220 - loadIPPluginJar : add cryp
2024-06-21 18:44:30,176 [INFO] IPUIPlugin:80 - create IPUIPlugin
2024-06-21 18:44:30,177 [INFO] PluginManager:220 - loadIPPluginJar : add dfsdm
2024-06-21 18:44:30,183 [INFO] IPUIPlugin:80 - create IPUIPlugin
2024-06-21 18:44:30,183 [INFO] PluginManager:220 - loadIPPluginJar : add dma
2024-06-21 18:44:30,185 [INFO] IPUIPlugin:80 - create IPUIPlugin
2024-06-21 18:44:30,185 [INFO] PluginManager:220 - loadIPPluginJar : add dma3
2024-06-21 18:44:30,188 [INFO] IPUIPlugin:80 - create IPUIPlugin
2024-06-21 18:44:30,188 [INFO] PluginManager:220 - loadIPPluginJar : add extmemmanager
2024-06-21 18:44:30,189 [INFO] IPUIPlugin:80 - create IPUIPlugin
2024-06-21 18:44:30,189 [INFO] PluginManager:220 - loadIPPluginJar : add fatfs
2024-06-21 18:44:30,193 [INFO] IPUIPlugin:80 - create IPUIPlugin
2024-06-21 18:44:30,193 [INFO] PluginManager:220 - loadIPPluginJar : add fmc
2024-06-21 18:44:30,198 [INFO] IPUIPlugin:80 - create IPUIPlugin
2024-06-21 18:44:30,198 [INFO] PluginManager:220 - loadIPPluginJar : add freertos
2024-06-21 18:44:30,199 [INFO] IPUIPlugin:80 - create IPUIPlugin
2024-06-21 18:44:30,200 [INFO] PluginManager:220 - loadIPPluginJar : add genericplugin
2024-06-21 18:44:30,202 [INFO] IPUIPlugin:80 - create IPUIPlugin
2024-06-21 18:44:30,203 [INFO] PluginManager:220 - loadIPPluginJar : add gfxmmu
2024-06-21 18:44:30,209 [INFO] IPUIPlugin:80 - create IPUIPlugin
2024-06-21 18:44:30,210 [INFO] PluginManager:220 - loadIPPluginJar : add gic
2024-06-21 18:44:30,215 [INFO] IPUIPlugin:80 - create IPUIPlugin
2024-06-21 18:44:30,215 [INFO] PluginManager:220 - loadIPPluginJar : add gpio
2024-06-21 18:44:30,220 [INFO] IPUIPlugin:80 - create IPUIPlugin
2024-06-21 18:44:30,220 [INFO] PluginManager:220 - loadIPPluginJar : add gtzc
2024-06-21 18:44:30,223 [INFO] IPUIPlugin:80 - create IPUIPlugin
2024-06-21 18:44:30,223 [INFO] PluginManager:220 - loadIPPluginJar : add hash
2024-06-21 18:44:30,227 [INFO] IPUIPlugin:80 - create IPUIPlugin
2024-06-21 18:44:30,227 [INFO] PluginManager:220 - loadIPPluginJar : add i2c
2024-06-21 18:44:30,231 [INFO] IPUIPlugin:80 - create IPUIPlugin
2024-06-21 18:44:30,231 [INFO] PluginManager:220 - loadIPPluginJar : add i2s
2024-06-21 18:44:30,235 [INFO] IPUIPlugin:80 - create IPUIPlugin
2024-06-21 18:44:30,235 [INFO] PluginManager:220 - loadIPPluginJar : add i3c
2024-06-21 18:44:30,239 [INFO] IPUIPlugin:80 - create IPUIPlugin
2024-06-21 18:44:30,240 [INFO] PluginManager:220 - loadIPPluginJar : add ipddr
2024-06-21 18:44:30,248 [INFO] IPUIPlugin:80 - create IPUIPlugin
2024-06-21 18:44:30,248 [INFO] PluginManager:220 - loadIPPluginJar : add linkedlist
2024-06-21 18:44:30,252 [INFO] IPUIPlugin:80 - create IPUIPlugin
2024-06-21 18:44:30,252 [INFO] PluginManager:220 - loadIPPluginJar : add lorawan
2024-06-21 18:44:30,254 [INFO] IPUIPlugin:80 - create IPUIPlugin
2024-06-21 18:44:30,255 [INFO] PluginManager:220 - loadIPPluginJar : add ltdc
2024-06-21 18:44:30,268 [INFO] IPUIPlugin:80 - create IPUIPlugin
2024-06-21 18:44:30,268 [INFO] PluginManager:220 - loadIPPluginJar : add mdma
2024-06-21 18:44:30,273 [INFO] IPUIPlugin:80 - create IPUIPlugin
2024-06-21 18:44:30,273 [INFO] PluginManager:220 - loadIPPluginJar : add nvic
2024-06-21 18:44:30,276 [INFO] IPUIPlugin:80 - create IPUIPlugin
2024-06-21 18:44:30,276 [INFO] PluginManager:220 - loadIPPluginJar : add opamp
2024-06-21 18:44:30,280 [INFO] IPUIPlugin:80 - create IPUIPlugin
2024-06-21 18:44:30,280 [INFO] PluginManager:220 - loadIPPluginJar : add openamp
2024-06-21 18:44:30,284 [INFO] IPUIPlugin:80 - create IPUIPlugin
2024-06-21 18:44:30,285 [INFO] PluginManager:220 - loadIPPluginJar : add pdm2pcm
2024-06-21 18:44:30,291 [INFO] IPUIPlugin:80 - create IPUIPlugin
2024-06-21 18:44:30,293 [INFO] PluginManager:220 - loadIPPluginJar : add plateformsettings
2024-06-21 18:44:30,295 [INFO] IPUIPlugin:80 - create IPUIPlugin
2024-06-21 18:44:30,295 [INFO] PluginManager:220 - loadIPPluginJar : add quadspi
2024-06-21 18:44:30,300 [INFO] IPUIPlugin:80 - create IPUIPlugin
2024-06-21 18:44:30,300 [INFO] PluginManager:220 - loadIPPluginJar : add resmgrutility
2024-06-21 18:44:30,304 [INFO] IPUIPlugin:80 - create IPUIPlugin
2024-06-21 18:44:30,304 [INFO] PluginManager:220 - loadIPPluginJar : add sai
2024-06-21 18:44:30,308 [INFO] IPUIPlugin:80 - create IPUIPlugin
2024-06-21 18:44:30,308 [INFO] PluginManager:220 - loadIPPluginJar : add spi
2024-06-21 18:44:30,314 [INFO] IPUIPlugin:80 - create IPUIPlugin
2024-06-21 18:44:30,314 [INFO] PluginManager:220 - loadIPPluginJar : add stm32_wpan
2024-06-21 18:44:30,317 [INFO] IPUIPlugin:80 - create IPUIPlugin
2024-06-21 18:44:30,317 [INFO] PluginManager:220 - loadIPPluginJar : add tim
2024-06-21 18:44:30,321 [INFO] IPUIPlugin:80 - create IPUIPlugin
2024-06-21 18:44:30,322 [INFO] PluginManager:220 - loadIPPluginJar : add touchsensing
2024-06-21 18:44:30,325 [INFO] IPUIPlugin:80 - create IPUIPlugin
2024-06-21 18:44:30,325 [INFO] PluginManager:220 - loadIPPluginJar : add tracer_emb
2024-06-21 18:44:30,327 [INFO] IPUIPlugin:80 - create IPUIPlugin
2024-06-21 18:44:30,328 [INFO] PluginManager:220 - loadIPPluginJar : add ts
2024-06-21 18:44:30,329 [INFO] IPUIPlugin:80 - create IPUIPlugin
2024-06-21 18:44:30,331 [INFO] PluginManager:220 - loadIPPluginJar : add tsc
2024-06-21 18:44:30,333 [INFO] IPUIPlugin:80 - create IPUIPlugin
2024-06-21 18:44:30,333 [INFO] PluginManager:220 - loadIPPluginJar : add ucpd
2024-06-21 18:44:30,337 [INFO] IPUIPlugin:80 - create IPUIPlugin
2024-06-21 18:44:30,338 [INFO] PluginManager:220 - loadIPPluginJar : add usart
2024-06-21 18:44:30,342 [INFO] IPUIPlugin:80 - create IPUIPlugin
2024-06-21 18:44:30,342 [INFO] PluginManager:220 - loadIPPluginJar : add usbx
2024-06-21 18:44:30,477 [INFO] CADModel:165 - CPN selected for project level
2024-06-21 18:44:30,477 [INFO] CADModel:114 - Register for checkConnection events
2024-06-21 18:44:30,478 [FATAL] Updater:308 - Updater called before beeing initialized
2024-06-21 18:44:30,478 [ERROR] CADModel:125 - Updater not yet initialized, retry later 
2024-06-21 18:44:30,638 [INFO] CADModel:165 - CPN selected for project level
2024-06-21 18:44:30,639 [INFO] CADModel:114 - Register for checkConnection events
2024-06-21 18:44:30,639 [FATAL] Updater:308 - Updater called before beeing initialized
2024-06-21 18:44:30,639 [ERROR] CADModel:125 - Updater not yet initialized, retry later 
2024-06-21 18:44:30,643 [FATAL] Updater:308 - Updater called before beeing initialized
2024-06-21 18:44:30,757 [FATAL] Updater:308 - Updater called before beeing initialized
2024-06-21 18:44:30,760 [INFO] DbMcusAds:53 - JSON generation date=Thu May 16 14:52:00 IST 2024 (1715851320852)
2024-06-21 18:44:30,760 [FATAL] Updater:308 - Updater called before beeing initialized
2024-06-21 18:44:30,795 [WARN] DetailPanel:346 - Failed to get advertising image, set to default
2024-06-21 18:44:30,858 [FATAL] Updater:308 - Updater called before beeing initialized
2024-06-21 18:44:30,860 [FATAL] Updater:308 - Updater called before beeing initialized
2024-06-21 18:44:30,860 [FATAL] Updater:308 - Updater called before beeing initialized
2024-06-21 18:44:30,860 [WARN] DetailPanel:346 - Failed to get advertising image, set to default
2024-06-21 18:44:30,861 [FATAL] Updater:308 - Updater called before beeing initialized
2024-06-21 18:44:30,933 [ERROR] Updater:1120 - MainUpdater not yet initialized. External WinMGr cannot be set.
2024-06-21 18:44:30,937 [INFO] Updater:1056 - Updater Version found : 6.11.1
2024-06-21 18:44:30,981 [INFO] ApplicationProperties:184 - Using Application install path: C:\ST\STM32CubeIDE_1.15.1\STM32CubeIDE\plugins\com.st.stm32cube.common.mx_6.11.1.202404110753
2024-06-21 18:44:31,339 [INFO] MainUpdater:2873 - connection check result : 10
2024-06-21 18:44:31,340 [INFO] MainUpdater:290 - Updater Check For Update Now.
2024-06-21 18:44:31,341 [INFO] MicroXplorer:498 - Change Database Version : DB.6.0.111
2024-06-21 18:44:31,399 [INFO] McuFinderGlobals:63 - Set McuFinder mode to 2 (CubeIDE integrated)
2024-06-21 18:44:31,415 [INFO] UserAuth:415 - Internet connection configuration mode: 1
2024-06-21 18:44:31,449 [INFO] JxBrowserEngine:152 - Initiate JxBrowser Engine with user profile folder
2024-06-21 18:44:31,544 [INFO] CheckServerUpdateThread:120 - End of CheckServer Thread
2024-06-21 18:44:32,354 [INFO] WebApp:161 - Instantiating new browser for Auth
2024-06-21 18:44:32,930 [WARN] PackLoader:240 - Cannot read IP mode file for STMicroelectronics.FP-SNS-MOTENVWB1.1.4.0
2024-06-21 18:44:32,954 [WARN] PackLoader:240 - Cannot read IP mode file for STMicroelectronics.X-CUBE-SMBUS.2.1.0
2024-06-21 18:44:32,960 [WARN] PackLoader:240 - Cannot read IP mode file for STMicroelectronics.X-CUBE-TOUCHGFX.4.23.2
2024-06-21 18:44:33,003 [WARN] PackLoader:240 - Cannot read IP mode file for STMicroelectronics.X-CUBE-AZRTOS-F7.1.1.0
2024-06-21 18:44:33,014 [WARN] PackLoader:240 - Cannot read IP mode file for STMicroelectronics.FP-SNS-FLIGHT1.5.0.2
2024-06-21 18:44:33,030 [WARN] PackLoader:240 - Cannot read IP mode file for STMicroelectronics.X-CUBE-DISPLAY.3.0.0
2024-06-21 18:44:33,050 [WARN] PackLoader:240 - Cannot read IP mode file for STMicroelectronics.X-CUBE-BLE1.7.0.0
2024-06-21 18:44:33,059 [WARN] PackLoader:240 - Cannot read IP mode file for emotas.I-CUBE-CANOPEN.1.3.0
2024-06-21 18:44:33,075 [WARN] PackLoader:240 - Cannot read IP mode file for STMicroelectronics.X-CUBE-BLEMGR.3.1.0
2024-06-21 18:44:33,086 [WARN] PackLoader:240 - Cannot read IP mode file for STMicroelectronics.FP-SNS-SMARTAG2.1.2.0
2024-06-21 18:44:33,099 [INFO] LogOutputStream:77 - [STDOUT_REDIRECT] 1 : Invalid condition id : UX_CORESTACK_Condition cause : null
2024-06-21 18:44:33,100 [INFO] LogOutputStream:77 - [STDOUT_REDIRECT] 1 : Invalid condition id : UX_CORESTACK_Condition cause : null
2024-06-21 18:44:33,102 [INFO] LogOutputStream:77 - [STDOUT_REDIRECT] 1 : Invalid condition id : UX_CORESTACK_Condition cause : null
2024-06-21 18:44:33,104 [INFO] LogOutputStream:77 - [STDOUT_REDIRECT] 1 : Invalid condition id : UX_CORESTACK_Condition cause : null
2024-06-21 18:44:33,106 [INFO] LogOutputStream:77 - [STDOUT_REDIRECT] 1 : Invalid condition id : UX_CORESTACK_Condition cause : null
2024-06-21 18:44:33,113 [WARN] PackLoader:240 - Cannot read IP mode file for STMicroelectronics.X-CUBE-AZRTOS-WL.2.0.0
2024-06-21 18:44:33,121 [WARN] PackLoader:240 - Cannot read IP mode file for STMicroelectronics.FP-SNS-MOTENV1.5.0.0
2024-06-21 18:44:33,128 [WARN] PackLoader:240 - Cannot read IP mode file for wolfSSL.I-CUBE-wolfMQTT.1.19.0
2024-06-21 18:44:33,139 [WARN] PackLoader:240 - Cannot read IP mode file for WES.I-CUBE-Cesium.1.3.0
2024-06-21 18:44:33,147 [WARN] PackLoader:240 - Cannot read IP mode file for STMicroelectronics.X-CUBE-BLE2.3.3.0
2024-06-21 18:44:33,157 [WARN] PackLoader:240 - Cannot read IP mode file for STMicroelectronics.X-CUBE-TCPP.4.1.0
2024-06-21 18:44:33,184 [WARN] PackLoader:240 - Cannot read IP mode file for STMicroelectronics.X-CUBE-AZRTOS-G0.1.1.0
2024-06-21 18:44:33,207 [WARN] PackLoader:240 - Cannot read IP mode file for STMicroelectronics.X-CUBE-SAFEA1.1.2.2
2024-06-21 18:44:33,214 [WARN] PackLoader:240 - Cannot read IP mode file for STMicroelectronics.X-CUBE-NFC4.3.0.0
2024-06-21 18:44:33,220 [WARN] PackLoader:240 - Cannot read IP mode file for wolfSSL.I-CUBE-wolfSSL.5.7.0
2024-06-21 18:44:33,225 [WARN] PackLoader:240 - Cannot read IP mode file for STMicroelectronics.FP-ATR-SIGFOX1.3.2.0
2024-06-21 18:44:33,231 [WARN] PackLoader:240 - Cannot read IP mode file for STMicroelectronics.X-CUBE-EEPRMA1.5.1.0
2024-06-21 18:44:33,242 [WARN] PackLoader:240 - Cannot read IP mode file for ITTIA_DB.I-CUBE-ITTIADB.8.9.0
2024-06-21 18:44:33,278 [WARN] PackLoader:240 - Cannot read IP mode file for SEGGER.I-CUBE-embOS.1.3.1
2024-06-21 18:44:33,319 [WARN] PackLoader:240 - Cannot read IP mode file for STMicroelectronics.X-CUBE-ALGOBUILD.1.4.0
2024-06-21 18:44:33,324 [WARN] PackLoader:240 - Cannot read IP mode file for STMicroelectronics.X-CUBE-GNSS1.6.0.0
2024-06-21 18:44:33,337 [WARN] PackLoader:240 - Cannot read IP mode file for STMicroelectronics.X-CUBE-AZRTOS-F4.1.1.0
2024-06-21 18:44:33,345 [WARN] PackLoader:240 - Cannot read IP mode file for STMicroelectronics.X-CUBE-FREERTOS.1.2.0
2024-06-21 18:44:33,359 [WARN] PackLoader:240 - Cannot read IP mode file for STMicroelectronics.X-CUBE-AZRTOS-L5.2.0.0
2024-06-21 18:44:33,369 [WARN] PackLoader:240 - Cannot read IP mode file for STMicroelectronics.X-CUBE-NFC6.3.1.0
2024-06-21 18:44:33,375 [WARN] PackLoader:240 - Cannot read IP mode file for STMicroelectronics.X-CUBE-AI.9.0.0
2024-06-21 18:44:33,381 [WARN] PackLoader:240 - Cannot read IP mode file for STMicroelectronics.X-CUBE-NFC7.1.0.1
2024-06-21 18:44:33,397 [WARN] ConditionMgr:438 - getConditionDescription Invalid condition id : LAN8742 Phy interface Condition cause : null
2024-06-21 18:44:33,397 [WARN] PackLoader:240 - Cannot read IP mode file for STMicroelectronics.X-CUBE-AZRTOS-L4.2.0.0
2024-06-21 18:44:33,398 [WARN] ConditionMgr:1039 - genDependencies : Invalid condition id : LAN8742 Phy interface Condition cause : null
2024-06-21 18:44:33,399 [WARN] ConditionMgr:1039 - genDependencies : Invalid condition id : LAN8742 Phy interface Condition cause : null
2024-06-21 18:44:33,399 [WARN] ConditionMgr:1039 - genDependencies : Invalid condition id : LAN8742 Phy interface Condition cause : null
2024-06-21 18:44:33,406 [WARN] PackLoader:240 - Cannot read IP mode file for STMicroelectronics.X-CUBE-SFXS2LP1.4.0.0
2024-06-21 18:44:33,418 [WARN] ConditionMgr:438 - getConditionDescription Invalid condition id : UX DEVICE CLASS RTOS Condition cause : null
2024-06-21 18:44:33,418 [WARN] ConditionMgr:438 - getConditionDescription Invalid condition id : UX DEVICE CLASS RTOS Condition cause : null
2024-06-21 18:44:33,419 [WARN] PackLoader:240 - Cannot read IP mode file for STMicroelectronics.X-CUBE-AZRTOS-WB.2.0.0
2024-06-21 18:44:33,421 [WARN] ConditionMgr:1039 - genDependencies : Invalid condition id : UX DEVICE CLASS RTOS Condition cause : null
2024-06-21 18:44:33,421 [WARN] ConditionMgr:1039 - genDependencies : Invalid condition id : UX DEVICE CLASS RTOS Condition cause : null
2024-06-21 18:44:33,421 [WARN] ConditionMgr:1039 - genDependencies : Invalid condition id : UX DEVICE CLASS RTOS Condition cause : null
2024-06-21 18:44:33,421 [WARN] ConditionMgr:1039 - genDependencies : Invalid condition id : UX DEVICE CLASS RTOS Condition cause : null
2024-06-21 18:44:33,421 [WARN] ConditionMgr:1039 - genDependencies : Invalid condition id : UX DEVICE CLASS RTOS Condition cause : null
2024-06-21 18:44:33,439 [WARN] PackLoader:240 - Cannot read IP mode file for STMicroelectronics.X-CUBE-SUBG2.5.0.0
2024-06-21 18:44:33,449 [WARN] PackLoader:240 - Cannot read IP mode file for Cesanta.I-CUBE-Mongoose.7.13.0
2024-06-21 18:44:33,460 [WARN] PackLoader:240 - Cannot read IP mode file for STMicroelectronics.X-CUBE-AZRTOS-G4.2.0.0
2024-06-21 18:44:33,465 [WARN] PackLoader:240 - Cannot read IP mode file for STMicroelectronics.X-CUBE-ISPU.2.0.0
2024-06-21 18:44:33,469 [WARN] PackLoader:240 - Cannot read IP mode file for STMicroelectronics.X-CUBE-ALS.1.0.2
2024-06-21 18:44:33,502 [WARN] PackLoader:240 - Cannot read IP mode file for STMicroelectronics.X-CUBE-MEMS1.10.0.0
2024-06-21 18:44:33,628 [WARN] PackLoader:240 - Cannot read IP mode file for portGmbH.I-Cube-SoM-uGOAL.1.1.0
2024-06-21 18:44:33,644 [WARN] PackLoader:240 - Cannot read IP mode file for STMicroelectronics.X-CUBE-AZRTOS-H7RS.1.0.0
2024-06-21 18:44:33,650 [WARN] PackLoader:240 - Cannot read IP mode file for STMicroelectronics.FP-ATR-ASTRA1.2.0.0
2024-06-21 18:44:33,668 [WARN] PackLoader:240 - Cannot read IP mode file for STMicroelectronics.X-CUBE-TOF1.3.4.1
2024-06-21 18:44:33,687 [INFO] WebApp:779 - Register for checkConnection events
2024-06-21 18:44:33,688 [INFO] WebApp:414 - Apply proxy settings
2024-06-21 18:44:33,688 [INFO] WebApp:499 - Chromium requires no authentication
2024-06-21 18:44:33,695 [WARN] PackLoader:240 - Cannot read IP mode file for STMicroelectronics.X-CUBE-AZRTOS-H7.3.2.0
2024-06-21 18:44:33,711 [INFO] WebApp:442 - Direct internet connection detected
2024-06-21 18:44:33,713 [WARN] PackLoader:240 - Cannot read IP mode file for Infineon.AIROC-Wi-Fi-Bluetooth-STM32.1.6.0
2024-06-21 18:44:33,720 [INFO] ThirdParty:978 - Integrity check success = true
2024-06-21 18:44:33,720 [INFO] IntegrityCheckThread:100 - exiting critical section [integrity check]
2024-06-21 18:44:33,720 [INFO] IntegrityCheckThread:103 - End integrity checks thread
2024-06-21 18:44:34,086 [INFO] WebApp:192 - Starting web application
2024-06-21 18:44:34,086 [INFO] WebApp:544 - Web application path used C:\ST\STM32CubeIDE_1.15.1\STM32CubeIDE\plugins\com.st.stm32cube.common.mx_6.11.1.202404110753\db\plugins\mcufinder\reactClient1\index.html
2024-06-21 21:17:46,357 [ERROR] LogOutputStream:75 - [STDERR_REDIRECT] 
