2024-06-18 10:05:04,918 [INFO] Activator:176 - 


2024-06-18 10:05:04,927 [INFO] Activator:177 - !SESSION log4j initialized
2024-06-18 10:05:09,219 [INFO] LogOutputStream:77 - [STDOUT_REDIRECT] 
2024-06-18 10:05:09,914 [INFO] ApplicationProperties:184 - Using Application install path: C:\ST\STM32CubeIDE_1.15.1\STM32CubeIDE\plugins\com.st.stm32cube.common.mx_6.11.1.202404110753
2024-06-18 10:05:09,929 [INFO] DbMcusXml:78 - Set database path to: C:\ST\STM32CubeIDE_1.15.1\STM32CubeIDE\plugins\com.st.stm32cube.common.mx_6.11.1.202404110753\\db\/mcu/
2024-06-18 10:05:09,930 [INFO] ApiDb:274 - Set plugin database path to: C:\ST\STM32CubeIDE_1.15.1\STM32CubeIDE\plugins\com.st.stm32cube.common.mx_6.11.1.202404110753\\db\/plugins/boardmanager/
2024-06-18 10:05:09,930 [WARN] ApiDb:259 - Overriding images path with different value:  => C:\ST\STM32CubeIDE_1.15.1\STM32CubeIDE\plugins\com.st.stm32cube.common.mx_6.11.1.202404110753\\db\/plugins/mcufinder/images/
2024-06-18 10:05:09,940 [INFO] ApiDb:250 - Set database path to: C:\Users\Chait\.stmcufinder\plugins\mcufinder//mcu/
2024-06-18 10:05:09,941 [INFO] DbMcusAds:125 - Set database path to: C:\Users\Chait\.stmcufinder\plugins\mcufinder//mcu/
2024-06-18 10:05:09,942 [INFO] CrossReferenceDbSqlite:203 - Set database path to: C:\Users\Chait\.stmcufinder\plugins\mcufinder//mcu/cs/
2024-06-18 10:05:10,031 [INFO] RulesReader:64 - Compatibility file has been processed (297 Rules)
2024-06-18 10:05:10,095 [INFO] DbMcusXml:78 - Set database path to: C:\ST\STM32CubeIDE_1.15.1\STM32CubeIDE\plugins\com.st.stm32cube.common.mx_6.11.1.202404110753\\db\/mcu/
2024-06-18 10:05:10,095 [INFO] ApiDb:274 - Set plugin database path to: C:\ST\STM32CubeIDE_1.15.1\STM32CubeIDE\plugins\com.st.stm32cube.common.mx_6.11.1.202404110753\\db\/plugins/boardmanager/
2024-06-18 10:05:10,095 [INFO] ApiDb:261 - Set plugin images path to: C:\ST\STM32CubeIDE_1.15.1\STM32CubeIDE\plugins\com.st.stm32cube.common.mx_6.11.1.202404110753\\db\/plugins/mcufinder/images/
2024-06-18 10:05:10,095 [WARN] DbFile:41 - Overriding database path with different value: C:\Users\Chait\.stmcufinder\plugins\mcufinder/ => C:\Users\Chait\.stmcufinder\plugins\mcufinder
2024-06-18 10:05:10,095 [INFO] ApiDb:250 - Set database path to: C:\Users\Chait\.stmcufinder\plugins\mcufinder//mcu/
2024-06-18 10:05:10,095 [WARN] DbFile:41 - Overriding database path with different value: C:\Users\Chait\.stmcufinder\plugins\mcufinder/ => C:\Users\Chait\.stmcufinder\plugins\mcufinder
2024-06-18 10:05:10,095 [INFO] DbMcusAds:125 - Set database path to: C:\Users\Chait\.stmcufinder\plugins\mcufinder//mcu/
2024-06-18 10:05:10,095 [WARN] DbFile:41 - Overriding database path with different value: C:\Users\Chait\.stmcufinder\plugins\mcufinder/ => C:\Users\Chait\.stmcufinder\plugins\mcufinder
2024-06-18 10:05:10,095 [WARN] DbFile:41 - Overriding database path with different value: C:\Users\Chait\.stmcufinder\plugins\mcufinder/ => C:\Users\Chait\.stmcufinder\plugins\mcufinder
2024-06-18 10:05:10,095 [INFO] CrossReferenceDbSqlite:203 - Set database path to: C:\Users\Chait\.stmcufinder\plugins\mcufinder//mcu/cs/
2024-06-18 10:05:10,160 [INFO] MainPanel:264 - HeapMemory: 268435456
2024-06-18 10:05:10,235 [INFO] DbMcusXml:78 - Set database path to: C:\ST\STM32CubeIDE_1.15.1\STM32CubeIDE\plugins\com.st.stm32cube.common.mx_6.11.1.202404110753\\db\/mcu/
2024-06-18 10:05:10,235 [INFO] ApiDb:274 - Set plugin database path to: C:\ST\STM32CubeIDE_1.15.1\STM32CubeIDE\plugins\com.st.stm32cube.common.mx_6.11.1.202404110753\\db\/plugins/boardmanager/
2024-06-18 10:05:10,235 [INFO] ApiDb:261 - Set plugin images path to: C:\ST\STM32CubeIDE_1.15.1\STM32CubeIDE\plugins\com.st.stm32cube.common.mx_6.11.1.202404110753\\db\/plugins/mcufinder/images/
2024-06-18 10:05:10,236 [WARN] DbFile:41 - Overriding database path with different value: C:\Users\Chait\.stmcufinder\plugins\mcufinder/ => C:\Users\Chait\.stmcufinder\plugins\mcufinder
2024-06-18 10:05:10,236 [INFO] ApiDb:250 - Set database path to: C:\Users\Chait\.stmcufinder\plugins\mcufinder//mcu/
2024-06-18 10:05:10,236 [WARN] DbFile:41 - Overriding database path with different value: C:\Users\Chait\.stmcufinder\plugins\mcufinder/ => C:\Users\Chait\.stmcufinder\plugins\mcufinder
2024-06-18 10:05:10,236 [INFO] DbMcusAds:125 - Set database path to: C:\Users\Chait\.stmcufinder\plugins\mcufinder//mcu/
2024-06-18 10:05:10,236 [WARN] DbFile:41 - Overriding database path with different value: C:\Users\Chait\.stmcufinder\plugins\mcufinder/ => C:\Users\Chait\.stmcufinder\plugins\mcufinder
2024-06-18 10:05:10,236 [WARN] DbFile:41 - Overriding database path with different value: C:\Users\Chait\.stmcufinder\plugins\mcufinder/ => C:\Users\Chait\.stmcufinder\plugins\mcufinder
2024-06-18 10:05:10,236 [INFO] CrossReferenceDbSqlite:203 - Set database path to: C:\Users\Chait\.stmcufinder\plugins\mcufinder//mcu/cs/
2024-06-18 10:05:10,250 [INFO] ApplicationProperties:184 - Using Application install path: C:\ST\STM32CubeIDE_1.15.1\STM32CubeIDE\plugins\com.st.stm32cube.common.mx_6.11.1.202404110753
2024-06-18 10:05:10,251 [INFO] PluginManage:196 - Search for loadable plugins [exclusion list=, ]
2024-06-18 10:05:10,253 [INFO] PluginManage:310 - Check plugin analytics
2024-06-18 10:05:10,429 [INFO] AnalyticsPlugin:253 - Accepted Software Licenses: STM32CubeMX.6.11.1
2024-06-18 10:05:10,429 [INFO] AnalyticsPlugin:255 - Accepted CMSIS Pack Licenses: 
2024-06-18 10:05:10,429 [INFO] AnalyticsPlugin:257 - Accepted Firmware Licenses: FW.F4.1.28.0
2024-06-18 10:05:10,431 [INFO] PluginManage:359 - Loaded plugin analytics (category:tool,tabindex:-1)
2024-06-18 10:05:10,431 [INFO] PluginManage:310 - Check plugin cadmodel
2024-06-18 10:05:10,436 [INFO] CADModel:105 - Init CAD model plugin
2024-06-18 10:05:10,436 [INFO] PluginManage:359 - Loaded plugin cadmodel (category:power,tabindex:5)
2024-06-18 10:05:10,436 [INFO] PluginManage:310 - Check plugin clock
2024-06-18 10:05:10,446 [INFO] PluginManage:359 - Loaded plugin clock (category:base,tabindex:2)
2024-06-18 10:05:10,447 [INFO] PluginManage:310 - Check plugin ddr
2024-06-18 10:05:10,449 [INFO] PluginManage:359 - Loaded plugin ddr (category:tool,tabindex:6)
2024-06-18 10:05:10,449 [INFO] PluginManage:310 - Check plugin filemanager
2024-06-18 10:05:10,560 [INFO] PluginManage:359 - Loaded plugin filemanager (category:base,tabindex:10)
2024-06-18 10:05:10,561 [INFO] PluginManage:310 - Check plugin ipmanager
2024-06-18 10:05:10,565 [INFO] PluginManage:359 - Loaded plugin ipmanager (category:base,tabindex:5)
2024-06-18 10:05:10,565 [INFO] PluginManage:310 - Check plugin lpbam
2024-06-18 10:05:10,573 [INFO] PluginManage:359 - Loaded plugin lpbam (category:base,tabindex:0)
2024-06-18 10:05:10,573 [INFO] PluginManage:310 - Check plugin memorymap
2024-06-18 10:05:10,588 [INFO] PluginManage:359 - Loaded plugin memorymap (category:base,tabindex:4)
2024-06-18 10:05:10,588 [INFO] PluginManage:310 - Check plugin pinoutandconfiguration
2024-06-18 10:05:10,597 [INFO] PluginManage:359 - Loaded plugin pinoutandconfiguration (category:base,tabindex:1)
2024-06-18 10:05:10,597 [INFO] PluginManage:310 - Check plugin pinoutconfig
2024-06-18 10:05:10,670 [WARN] SupportedApi:132 - Cannot load RTOS API schema: s4s-elt-must-match.1: The content of 'definitions' must match (annotation?, (simpleType | complexType)?, (unique | key | keyref)*)). A problem was found starting at: attribute.
2024-06-18 10:05:10,793 [INFO] PluginManage:359 - Loaded plugin pinoutconfig (category:base,tabindex:0)
2024-06-18 10:05:10,793 [INFO] PluginManage:310 - Check plugin power
2024-06-18 10:05:10,807 [INFO] PluginManage:359 - Loaded plugin power (category:power,tabindex:4)
2024-06-18 10:05:10,808 [INFO] PluginManage:310 - Check plugin projectmanager
2024-06-18 10:05:10,826 [INFO] PluginManage:359 - Loaded plugin projectmanager (category:projectmanager,tabindex:3)
2024-06-18 10:05:10,826 [INFO] PluginManage:310 - Check plugin thirdparty
2024-06-18 10:05:10,983 [INFO] PluginManage:359 - Loaded plugin thirdparty (category:base,tabindex:-1)
2024-06-18 10:05:10,984 [INFO] PluginManage:310 - Check plugin tools
2024-06-18 10:05:10,984 [WARN] IntegrityCheckThread:84 - waiting for thirdparty lock release [integrity check]
2024-06-18 10:05:10,984 [INFO] IntegrityCheckThread:86 - entering critical section [integrity check]
2024-06-18 10:05:10,985 [INFO] ThirdPartyUpdaterWithRetryManager:70 - Updater plugin not ready yet. [1/15]
2024-06-18 10:05:10,988 [INFO] PluginManage:359 - Loaded plugin tools (category:base,tabindex:7)
2024-06-18 10:05:10,989 [INFO] PluginManage:310 - Check plugin tutovideos
2024-06-18 10:05:11,152 [INFO] PluginManage:359 - Loaded plugin tutovideos (category:base,tabindex:-1)
2024-06-18 10:05:11,153 [INFO] PluginManage:310 - Check plugin updater
2024-06-18 10:05:11,165 [INFO] PluginManage:359 - Loaded plugin updater (category:base,tabindex:12)
2024-06-18 10:05:11,166 [INFO] PluginManage:310 - Check plugin userauth
2024-06-18 10:05:11,172 [INFO] UserAuth:114 - Init User Auth plugin
2024-06-18 10:05:11,172 [INFO] PluginManage:359 - Loaded plugin userauth (category:base,tabindex:14)
2024-06-18 10:05:11,172 [INFO] PluginManage:283 - PluginManage : Loaded plugins [17]
2024-06-18 10:05:11,369 [INFO] PinOutPanel:1561 - setPackage(No Configuration,No Configuration)
2024-06-18 10:05:11,435 [INFO] CADModel:165 - CPN selected for project level
2024-06-18 10:05:11,436 [INFO] CADModel:114 - Register for checkConnection events
2024-06-18 10:05:11,455 [INFO] IPUIPlugin:80 - create IPUIPlugin
2024-06-18 10:05:11,455 [INFO] PluginManager:220 - loadIPPluginJar : add adc
2024-06-18 10:05:11,457 [INFO] IPUIPlugin:80 - create IPUIPlugin
2024-06-18 10:05:11,458 [INFO] PluginManager:220 - loadIPPluginJar : add aes
2024-06-18 10:05:11,460 [INFO] IPUIPlugin:80 - create IPUIPlugin
2024-06-18 10:05:11,460 [INFO] PluginManager:220 - loadIPPluginJar : add can
2024-06-18 10:05:11,462 [INFO] IPUIPlugin:80 - create IPUIPlugin
2024-06-18 10:05:11,462 [INFO] PluginManager:220 - loadIPPluginJar : add comp
2024-06-18 10:05:11,464 [INFO] IPUIPlugin:80 - create IPUIPlugin
2024-06-18 10:05:11,464 [INFO] PluginManager:220 - loadIPPluginJar : add cryp
2024-06-18 10:05:11,466 [INFO] IPUIPlugin:80 - create IPUIPlugin
2024-06-18 10:05:11,467 [INFO] PluginManager:220 - loadIPPluginJar : add dfsdm
2024-06-18 10:05:11,472 [INFO] IPUIPlugin:80 - create IPUIPlugin
2024-06-18 10:05:11,473 [INFO] PluginManager:220 - loadIPPluginJar : add dma
2024-06-18 10:05:11,476 [INFO] IPUIPlugin:80 - create IPUIPlugin
2024-06-18 10:05:11,476 [INFO] PluginManager:220 - loadIPPluginJar : add dma3
2024-06-18 10:05:11,480 [INFO] IPUIPlugin:80 - create IPUIPlugin
2024-06-18 10:05:11,481 [INFO] PluginManager:220 - loadIPPluginJar : add extmemmanager
2024-06-18 10:05:11,483 [INFO] IPUIPlugin:80 - create IPUIPlugin
2024-06-18 10:05:11,483 [INFO] PluginManager:220 - loadIPPluginJar : add fatfs
2024-06-18 10:05:11,489 [INFO] IPUIPlugin:80 - create IPUIPlugin
2024-06-18 10:05:11,489 [INFO] PluginManager:220 - loadIPPluginJar : add fmc
2024-06-18 10:05:11,495 [INFO] IPUIPlugin:80 - create IPUIPlugin
2024-06-18 10:05:11,495 [INFO] PluginManager:220 - loadIPPluginJar : add freertos
2024-06-18 10:05:11,497 [INFO] IPUIPlugin:80 - create IPUIPlugin
2024-06-18 10:05:11,497 [INFO] PluginManager:220 - loadIPPluginJar : add genericplugin
2024-06-18 10:05:11,500 [INFO] IPUIPlugin:80 - create IPUIPlugin
2024-06-18 10:05:11,501 [INFO] PluginManager:220 - loadIPPluginJar : add gfxmmu
2024-06-18 10:05:11,507 [INFO] IPUIPlugin:80 - create IPUIPlugin
2024-06-18 10:05:11,507 [INFO] PluginManager:220 - loadIPPluginJar : add gic
2024-06-18 10:05:11,512 [INFO] IPUIPlugin:80 - create IPUIPlugin
2024-06-18 10:05:11,512 [INFO] PluginManager:220 - loadIPPluginJar : add gpio
2024-06-18 10:05:11,516 [INFO] IPUIPlugin:80 - create IPUIPlugin
2024-06-18 10:05:11,516 [INFO] PluginManager:220 - loadIPPluginJar : add gtzc
2024-06-18 10:05:11,519 [INFO] IPUIPlugin:80 - create IPUIPlugin
2024-06-18 10:05:11,519 [INFO] PluginManager:220 - loadIPPluginJar : add hash
2024-06-18 10:05:11,523 [INFO] IPUIPlugin:80 - create IPUIPlugin
2024-06-18 10:05:11,523 [INFO] PluginManager:220 - loadIPPluginJar : add i2c
2024-06-18 10:05:11,525 [INFO] IPUIPlugin:80 - create IPUIPlugin
2024-06-18 10:05:11,525 [INFO] PluginManager:220 - loadIPPluginJar : add i2s
2024-06-18 10:05:11,529 [INFO] IPUIPlugin:80 - create IPUIPlugin
2024-06-18 10:05:11,529 [INFO] PluginManager:220 - loadIPPluginJar : add i3c
2024-06-18 10:05:11,532 [INFO] IPUIPlugin:80 - create IPUIPlugin
2024-06-18 10:05:11,532 [INFO] PluginManager:220 - loadIPPluginJar : add ipddr
2024-06-18 10:05:11,540 [INFO] IPUIPlugin:80 - create IPUIPlugin
2024-06-18 10:05:11,540 [INFO] PluginManager:220 - loadIPPluginJar : add linkedlist
2024-06-18 10:05:11,543 [INFO] IPUIPlugin:80 - create IPUIPlugin
2024-06-18 10:05:11,543 [INFO] PluginManager:220 - loadIPPluginJar : add lorawan
2024-06-18 10:05:11,545 [INFO] IPUIPlugin:80 - create IPUIPlugin
2024-06-18 10:05:11,546 [INFO] PluginManager:220 - loadIPPluginJar : add ltdc
2024-06-18 10:05:11,551 [INFO] IPUIPlugin:80 - create IPUIPlugin
2024-06-18 10:05:11,551 [INFO] PluginManager:220 - loadIPPluginJar : add mdma
2024-06-18 10:05:11,556 [INFO] IPUIPlugin:80 - create IPUIPlugin
2024-06-18 10:05:11,556 [INFO] PluginManager:220 - loadIPPluginJar : add nvic
2024-06-18 10:05:11,559 [INFO] IPUIPlugin:80 - create IPUIPlugin
2024-06-18 10:05:11,559 [INFO] PluginManager:220 - loadIPPluginJar : add opamp
2024-06-18 10:05:11,562 [INFO] IPUIPlugin:80 - create IPUIPlugin
2024-06-18 10:05:11,562 [INFO] PluginManager:220 - loadIPPluginJar : add openamp
2024-06-18 10:05:11,567 [INFO] IPUIPlugin:80 - create IPUIPlugin
2024-06-18 10:05:11,567 [INFO] PluginManager:220 - loadIPPluginJar : add pdm2pcm
2024-06-18 10:05:11,573 [INFO] IPUIPlugin:80 - create IPUIPlugin
2024-06-18 10:05:11,574 [INFO] PluginManager:220 - loadIPPluginJar : add plateformsettings
2024-06-18 10:05:11,575 [INFO] IPUIPlugin:80 - create IPUIPlugin
2024-06-18 10:05:11,575 [INFO] PluginManager:220 - loadIPPluginJar : add quadspi
2024-06-18 10:05:11,578 [INFO] IPUIPlugin:80 - create IPUIPlugin
2024-06-18 10:05:11,578 [INFO] PluginManager:220 - loadIPPluginJar : add resmgrutility
2024-06-18 10:05:11,580 [INFO] IPUIPlugin:80 - create IPUIPlugin
2024-06-18 10:05:11,580 [INFO] PluginManager:220 - loadIPPluginJar : add sai
2024-06-18 10:05:11,582 [INFO] IPUIPlugin:80 - create IPUIPlugin
2024-06-18 10:05:11,582 [INFO] PluginManager:220 - loadIPPluginJar : add spi
2024-06-18 10:05:11,586 [INFO] IPUIPlugin:80 - create IPUIPlugin
2024-06-18 10:05:11,586 [INFO] PluginManager:220 - loadIPPluginJar : add stm32_wpan
2024-06-18 10:05:11,587 [INFO] IPUIPlugin:80 - create IPUIPlugin
2024-06-18 10:05:11,587 [INFO] PluginManager:220 - loadIPPluginJar : add tim
2024-06-18 10:05:11,589 [INFO] IPUIPlugin:80 - create IPUIPlugin
2024-06-18 10:05:11,589 [INFO] PluginManager:220 - loadIPPluginJar : add touchsensing
2024-06-18 10:05:11,591 [INFO] IPUIPlugin:80 - create IPUIPlugin
2024-06-18 10:05:11,591 [INFO] PluginManager:220 - loadIPPluginJar : add tracer_emb
2024-06-18 10:05:11,592 [INFO] IPUIPlugin:80 - create IPUIPlugin
2024-06-18 10:05:11,592 [INFO] PluginManager:220 - loadIPPluginJar : add ts
2024-06-18 10:05:11,594 [INFO] IPUIPlugin:80 - create IPUIPlugin
2024-06-18 10:05:11,594 [INFO] PluginManager:220 - loadIPPluginJar : add tsc
2024-06-18 10:05:11,595 [INFO] IPUIPlugin:80 - create IPUIPlugin
2024-06-18 10:05:11,595 [INFO] PluginManager:220 - loadIPPluginJar : add ucpd
2024-06-18 10:05:11,598 [INFO] IPUIPlugin:80 - create IPUIPlugin
2024-06-18 10:05:11,598 [INFO] PluginManager:220 - loadIPPluginJar : add usart
2024-06-18 10:05:11,600 [INFO] IPUIPlugin:80 - create IPUIPlugin
2024-06-18 10:05:11,600 [INFO] PluginManager:220 - loadIPPluginJar : add usbx
2024-06-18 10:05:11,714 [INFO] CADModel:165 - CPN selected for project level
2024-06-18 10:05:11,714 [INFO] CADModel:114 - Register for checkConnection events
2024-06-18 10:05:11,714 [FATAL] Updater:308 - Updater called before beeing initialized
2024-06-18 10:05:11,715 [ERROR] CADModel:125 - Updater not yet initialized, retry later 
2024-06-18 10:05:11,823 [INFO] CADModel:165 - CPN selected for project level
2024-06-18 10:05:11,823 [INFO] CADModel:114 - Register for checkConnection events
2024-06-18 10:05:11,824 [FATAL] Updater:308 - Updater called before beeing initialized
2024-06-18 10:05:11,824 [ERROR] CADModel:125 - Updater not yet initialized, retry later 
2024-06-18 10:05:11,827 [FATAL] Updater:308 - Updater called before beeing initialized
2024-06-18 10:05:11,904 [FATAL] Updater:308 - Updater called before beeing initialized
2024-06-18 10:05:11,908 [INFO] DbMcusAds:53 - JSON generation date=Thu May 16 14:52:00 IST 2024 (1715851320852)
2024-06-18 10:05:11,908 [FATAL] Updater:308 - Updater called before beeing initialized
2024-06-18 10:05:11,934 [WARN] DetailPanel:346 - Failed to get advertising image, set to default
2024-06-18 10:05:12,020 [FATAL] Updater:308 - Updater called before beeing initialized
2024-06-18 10:05:12,022 [FATAL] Updater:308 - Updater called before beeing initialized
2024-06-18 10:05:12,022 [FATAL] Updater:308 - Updater called before beeing initialized
2024-06-18 10:05:12,022 [WARN] DetailPanel:346 - Failed to get advertising image, set to default
2024-06-18 10:05:12,022 [FATAL] Updater:308 - Updater called before beeing initialized
2024-06-18 10:05:12,073 [ERROR] Updater:1120 - MainUpdater not yet initialized. External WinMGr cannot be set.
2024-06-18 10:05:12,077 [INFO] Updater:1056 - Updater Version found : 6.11.1
2024-06-18 10:05:12,104 [INFO] ApplicationProperties:184 - Using Application install path: C:\ST\STM32CubeIDE_1.15.1\STM32CubeIDE\plugins\com.st.stm32cube.common.mx_6.11.1.202404110753
2024-06-18 10:05:12,423 [INFO] MainUpdater:2873 - connection check result : 10
2024-06-18 10:05:12,425 [INFO] MainUpdater:290 - Updater Check For Update Now.
2024-06-18 10:05:12,425 [INFO] MicroXplorer:498 - Change Database Version : DB.6.0.111
2024-06-18 10:05:12,437 [INFO] McuFinderGlobals:63 - Set McuFinder mode to 2 (CubeIDE integrated)
2024-06-18 10:05:12,450 [INFO] UserAuth:415 - Internet connection configuration mode: 1
2024-06-18 10:05:12,477 [INFO] JxBrowserEngine:152 - Initiate JxBrowser Engine with user profile folder
2024-06-18 10:05:12,594 [INFO] CheckServerUpdateThread:120 - End of CheckServer Thread
2024-06-18 10:05:13,077 [INFO] WebApp:161 - Instantiating new browser for Auth
2024-06-18 10:05:13,551 [INFO] WebApp:779 - Register for checkConnection events
2024-06-18 10:05:13,551 [INFO] WebApp:414 - Apply proxy settings
2024-06-18 10:05:13,551 [INFO] WebApp:499 - Chromium requires no authentication
2024-06-18 10:05:13,567 [INFO] WebApp:442 - Direct internet connection detected
2024-06-18 10:05:13,694 [INFO] WebApp:192 - Starting web application
2024-06-18 10:05:13,694 [INFO] WebApp:544 - Web application path used C:\ST\STM32CubeIDE_1.15.1\STM32CubeIDE\plugins\com.st.stm32cube.common.mx_6.11.1.202404110753\db\plugins\mcufinder\reactClient1\index.html
2024-06-18 10:05:14,147 [WARN] PackLoader:240 - Cannot read IP mode file for STMicroelectronics.FP-SNS-MOTENVWB1.1.4.0
2024-06-18 10:05:14,158 [WARN] PackLoader:240 - Cannot read IP mode file for STMicroelectronics.X-CUBE-SMBUS.2.1.0
2024-06-18 10:05:14,162 [WARN] PackLoader:240 - Cannot read IP mode file for STMicroelectronics.X-CUBE-TOUCHGFX.4.23.2
2024-06-18 10:05:14,194 [WARN] PackLoader:240 - Cannot read IP mode file for STMicroelectronics.X-CUBE-AZRTOS-F7.1.1.0
2024-06-18 10:05:14,204 [WARN] PackLoader:240 - Cannot read IP mode file for STMicroelectronics.FP-SNS-FLIGHT1.5.0.2
2024-06-18 10:05:14,213 [WARN] PackLoader:240 - Cannot read IP mode file for STMicroelectronics.X-CUBE-DISPLAY.3.0.0
2024-06-18 10:05:14,224 [WARN] PackLoader:240 - Cannot read IP mode file for STMicroelectronics.X-CUBE-BLE1.7.0.0
2024-06-18 10:05:14,228 [WARN] PackLoader:240 - Cannot read IP mode file for emotas.I-CUBE-CANOPEN.1.3.0
2024-06-18 10:05:14,238 [WARN] PackLoader:240 - Cannot read IP mode file for STMicroelectronics.X-CUBE-BLEMGR.3.1.0
2024-06-18 10:05:14,243 [WARN] PackLoader:240 - Cannot read IP mode file for STMicroelectronics.FP-SNS-SMARTAG2.1.2.0
2024-06-18 10:05:14,250 [INFO] LogOutputStream:77 - [STDOUT_REDIRECT] 1 : Invalid condition id : UX_CORESTACK_Condition cause : null
2024-06-18 10:05:14,251 [INFO] LogOutputStream:77 - [STDOUT_REDIRECT] 1 : Invalid condition id : UX_CORESTACK_Condition cause : null
2024-06-18 10:05:14,252 [INFO] LogOutputStream:77 - [STDOUT_REDIRECT] 1 : Invalid condition id : UX_CORESTACK_Condition cause : null
2024-06-18 10:05:14,253 [INFO] LogOutputStream:77 - [STDOUT_REDIRECT] 1 : Invalid condition id : UX_CORESTACK_Condition cause : null
2024-06-18 10:05:14,254 [INFO] LogOutputStream:77 - [STDOUT_REDIRECT] 1 : Invalid condition id : UX_CORESTACK_Condition cause : null
2024-06-18 10:05:14,257 [WARN] PackLoader:240 - Cannot read IP mode file for STMicroelectronics.X-CUBE-AZRTOS-WL.2.0.0
2024-06-18 10:05:14,262 [WARN] PackLoader:240 - Cannot read IP mode file for STMicroelectronics.FP-SNS-MOTENV1.5.0.0
2024-06-18 10:05:14,269 [WARN] PackLoader:240 - Cannot read IP mode file for wolfSSL.I-CUBE-wolfMQTT.1.19.0
2024-06-18 10:05:14,277 [WARN] PackLoader:240 - Cannot read IP mode file for WES.I-CUBE-Cesium.1.3.0
2024-06-18 10:05:14,281 [WARN] PackLoader:240 - Cannot read IP mode file for STMicroelectronics.X-CUBE-BLE2.3.3.0
2024-06-18 10:05:14,287 [WARN] PackLoader:240 - Cannot read IP mode file for STMicroelectronics.X-CUBE-TCPP.4.1.0
2024-06-18 10:05:14,297 [WARN] PackLoader:240 - Cannot read IP mode file for STMicroelectronics.X-CUBE-AZRTOS-G0.1.1.0
2024-06-18 10:05:14,304 [WARN] PackLoader:240 - Cannot read IP mode file for STMicroelectronics.X-CUBE-SAFEA1.1.2.2
2024-06-18 10:05:14,308 [WARN] PackLoader:240 - Cannot read IP mode file for STMicroelectronics.X-CUBE-NFC4.3.0.0
2024-06-18 10:05:14,311 [WARN] PackLoader:240 - Cannot read IP mode file for wolfSSL.I-CUBE-wolfSSL.5.7.0
2024-06-18 10:05:14,314 [WARN] PackLoader:240 - Cannot read IP mode file for STMicroelectronics.FP-ATR-SIGFOX1.3.2.0
2024-06-18 10:05:14,319 [WARN] PackLoader:240 - Cannot read IP mode file for STMicroelectronics.X-CUBE-EEPRMA1.5.1.0
2024-06-18 10:05:14,324 [WARN] PackLoader:240 - Cannot read IP mode file for ITTIA_DB.I-CUBE-ITTIADB.8.9.0
2024-06-18 10:05:14,343 [WARN] PackLoader:240 - Cannot read IP mode file for SEGGER.I-CUBE-embOS.1.3.1
2024-06-18 10:05:14,367 [WARN] PackLoader:240 - Cannot read IP mode file for STMicroelectronics.X-CUBE-ALGOBUILD.1.4.0
2024-06-18 10:05:14,372 [WARN] PackLoader:240 - Cannot read IP mode file for STMicroelectronics.X-CUBE-GNSS1.6.0.0
2024-06-18 10:05:14,383 [WARN] PackLoader:240 - Cannot read IP mode file for STMicroelectronics.X-CUBE-AZRTOS-F4.1.1.0
2024-06-18 10:05:14,389 [WARN] PackLoader:240 - Cannot read IP mode file for STMicroelectronics.X-CUBE-FREERTOS.1.2.0
2024-06-18 10:05:14,405 [WARN] PackLoader:240 - Cannot read IP mode file for STMicroelectronics.X-CUBE-AZRTOS-L5.2.0.0
2024-06-18 10:05:14,411 [WARN] PackLoader:240 - Cannot read IP mode file for STMicroelectronics.X-CUBE-NFC6.3.1.0
2024-06-18 10:05:14,417 [WARN] PackLoader:240 - Cannot read IP mode file for STMicroelectronics.X-CUBE-AI.9.0.0
2024-06-18 10:05:14,422 [WARN] PackLoader:240 - Cannot read IP mode file for STMicroelectronics.X-CUBE-NFC7.1.0.1
2024-06-18 10:05:14,434 [WARN] ConditionMgr:438 - getConditionDescription Invalid condition id : LAN8742 Phy interface Condition cause : null
2024-06-18 10:05:14,434 [WARN] PackLoader:240 - Cannot read IP mode file for STMicroelectronics.X-CUBE-AZRTOS-L4.2.0.0
2024-06-18 10:05:14,435 [WARN] ConditionMgr:1039 - genDependencies : Invalid condition id : LAN8742 Phy interface Condition cause : null
2024-06-18 10:05:14,435 [WARN] ConditionMgr:1039 - genDependencies : Invalid condition id : LAN8742 Phy interface Condition cause : null
2024-06-18 10:05:14,436 [WARN] ConditionMgr:1039 - genDependencies : Invalid condition id : LAN8742 Phy interface Condition cause : null
2024-06-18 10:05:14,441 [WARN] PackLoader:240 - Cannot read IP mode file for STMicroelectronics.X-CUBE-SFXS2LP1.4.0.0
2024-06-18 10:05:14,451 [WARN] ConditionMgr:438 - getConditionDescription Invalid condition id : UX DEVICE CLASS RTOS Condition cause : null
2024-06-18 10:05:14,451 [WARN] ConditionMgr:438 - getConditionDescription Invalid condition id : UX DEVICE CLASS RTOS Condition cause : null
2024-06-18 10:05:14,453 [WARN] PackLoader:240 - Cannot read IP mode file for STMicroelectronics.X-CUBE-AZRTOS-WB.2.0.0
2024-06-18 10:05:14,453 [WARN] ConditionMgr:1039 - genDependencies : Invalid condition id : UX DEVICE CLASS RTOS Condition cause : null
2024-06-18 10:05:14,453 [WARN] ConditionMgr:1039 - genDependencies : Invalid condition id : UX DEVICE CLASS RTOS Condition cause : null
2024-06-18 10:05:14,453 [WARN] ConditionMgr:1039 - genDependencies : Invalid condition id : UX DEVICE CLASS RTOS Condition cause : null
2024-06-18 10:05:14,454 [WARN] ConditionMgr:1039 - genDependencies : Invalid condition id : UX DEVICE CLASS RTOS Condition cause : null
2024-06-18 10:05:14,454 [WARN] ConditionMgr:1039 - genDependencies : Invalid condition id : UX DEVICE CLASS RTOS Condition cause : null
2024-06-18 10:05:14,461 [WARN] PackLoader:240 - Cannot read IP mode file for STMicroelectronics.X-CUBE-SUBG2.5.0.0
2024-06-18 10:05:14,467 [WARN] PackLoader:240 - Cannot read IP mode file for Cesanta.I-CUBE-Mongoose.7.13.0
2024-06-18 10:05:14,474 [WARN] PackLoader:240 - Cannot read IP mode file for STMicroelectronics.X-CUBE-AZRTOS-G4.2.0.0
2024-06-18 10:05:14,477 [WARN] PackLoader:240 - Cannot read IP mode file for STMicroelectronics.X-CUBE-ISPU.2.0.0
2024-06-18 10:05:14,481 [WARN] PackLoader:240 - Cannot read IP mode file for STMicroelectronics.X-CUBE-ALS.1.0.2
2024-06-18 10:05:14,501 [WARN] PackLoader:240 - Cannot read IP mode file for STMicroelectronics.X-CUBE-MEMS1.10.0.0
2024-06-18 10:05:14,583 [WARN] PackLoader:240 - Cannot read IP mode file for portGmbH.I-Cube-SoM-uGOAL.1.1.0
2024-06-18 10:05:14,599 [WARN] PackLoader:240 - Cannot read IP mode file for STMicroelectronics.X-CUBE-AZRTOS-H7RS.1.0.0
2024-06-18 10:05:14,606 [WARN] PackLoader:240 - Cannot read IP mode file for STMicroelectronics.FP-ATR-ASTRA1.2.0.0
2024-06-18 10:05:14,615 [WARN] PackLoader:240 - Cannot read IP mode file for STMicroelectronics.X-CUBE-TOF1.3.4.1
2024-06-18 10:05:14,630 [WARN] PackLoader:240 - Cannot read IP mode file for STMicroelectronics.X-CUBE-AZRTOS-H7.3.2.0
2024-06-18 10:05:14,643 [WARN] PackLoader:240 - Cannot read IP mode file for Infineon.AIROC-Wi-Fi-Bluetooth-STM32.1.6.0
2024-06-18 10:05:14,647 [INFO] ThirdParty:978 - Integrity check success = true
2024-06-18 10:05:14,647 [INFO] IntegrityCheckThread:100 - exiting critical section [integrity check]
2024-06-18 10:05:14,647 [INFO] IntegrityCheckThread:103 - End integrity checks thread
2024-06-18 21:48:10,819 [ERROR] LogOutputStream:75 - [STDERR_REDIRECT] 
